MACRO ASSEMBLER W_SUB                                       11/15/18 11:01:37 PAGE     1


WIN32 MACRO ASSEMBLER MA51 V06.04.19OBJECT MODULE PLACED IN C:\USERS\DUBOC_AU\DESKTOP\TP2\W_SUB.OBJ
ASSEMBLER INVOKED BY: MA51.EXE C:\USERS\DUBOC_AU\DESKTOP\TP2\W_SUB.A51 OJ(C:\USERS\DUBOC_AU\DESKTOP\TP2\W_SUB.OBJ) PIN(C:\RIDE\INC;C:\RIDE\INC\51) PIN(C:\RIDE\INC\51\) EP LINES SYNTAX(ASM51) PR(C:\USERS\DUBOC_AU\DESKTOP\TP2\W_SUB.LST) XR DB PW(80) RB(0) 

LOC     OBJ           LINE    SOURCE
                         1      ;En-tête
                         2     
                         3     ;Déclaration des  variables 
  007F                   4     W1_L 		DATA 		7FH			
  007E                   5     W1_H		DATA		7EH
  007D                   6     W2_L 		DATA		7DH			
  007C                   7     W2_H		DATA		7CH
                         8     
                         9     
                        10     ;Table des vecteurs
  0000                  11     			ORG		0000H
0000    802E            12     			SJMP		DEBUT
  0030                  13     			ORG		0030H
                        14     			
                        15     DEBUT: 	
0030    E57F            16     			MOV		A,W1_L
0032    C3              17     			CLR		C
0033    957D            18     			SUBB 		A,W2_L
0035    F8              19     			MOV 		R0,A
0036    E57E            20     			MOV		A,W1_H
0038    957C            21     			SUBB 		A,W2_H
003A    F9              22     			MOV 		R1,A
                        23     
003B    80F3            24     FIN: 		SJMP		DEBUT
                        25     			END
MACRO ASSEMBLER W_SUB                                       11/15/18 11:01:37 PAGE     0


SYMBOL TABLE LISTING
------ ----- -------


N A M E             T Y P E  V A L U E   ATTRIBUTES             REFERENCES

W1_H . . . . . . .  D ADDR   007EH   A                          5# 20 
W2_H . . . . . . .  D ADDR   007CH   A                          7# 21 
W1_L . . . . . . .  D ADDR   007FH   A                          4# 16 
DEBUT. . . . . . .  C ADDR   0030H   A                          12 15# 24 
W2_L . . . . . . .  D ADDR   007DH   A                          6# 18 
FIN. . . . . . . .  C ADDR   003BH   A                          24# 



MODULE INFORMATION:   STATIC OVERLAYABLE
   CODE SIZE        =     15    ----
   XDATA SIZE       =   ----    ----
   DATA SIZE        =   ----    ----
   IDATA SIZE       =   ----    ----
   BIT SIZE         =   ----    ----
END OF MODULE INFORMATION.


REGISTER BANK(S) USED : 0 

ASSEMBLY COMPLETE.   0 WARNING(S)   0 ERROR(S)
